<?xml version="1.0" encoding="UTF-8"?>
<!-- Generated by org.testng.reporters.JUnitReportReporter -->
<testsuite hostname="HW0434" name="com.icat.scripts.SalesForceTC1" tests="1" failures="0" timestamp="29 Sep 2014 05:39:47 GMT" time="9.283" errors="0">
  <testcase name="SalesForceTC1" time="9.283" classname="com.icat.scripts.SalesForceTC1"/>
</testsuite> <!-- com.icat.scripts.SalesForceTC1 -->
