<?xml version="1.0" encoding="UTF-8"?>
<!-- Generated by org.testng.reporters.JUnitReportReporter -->
<testsuite hostname="HW0434" name="com.icat.scripts.Assignment2" tests="1" failures="0" timestamp="29 Sep 2014 05:36:10 GMT" time="33.648" errors="0">
  <testcase name="GoogleResultLinks" time="33.648" classname="com.icat.scripts.Assignment2"/>
</testsuite> <!-- com.icat.scripts.Assignment2 -->
