<?xml version="1.0" encoding="UTF-8"?>
<!-- Generated by org.testng.reporters.JUnitReportReporter -->
<testsuite hostname="Know2Script" name="com.mstr.scripts.LoginTest" tests="2" failures="0" timestamp="8 Jul 2016 13:31:59 GMT" time="0.003" errors="0">
  <testcase name="testRegister" time="0.003" classname="com.mstr.scripts.LoginTest"/>
  <testcase name="testLogin" time="0.000" classname="com.mstr.scripts.LoginTest"/>
</testsuite> <!-- com.mstr.scripts.LoginTest -->
