<?xml version="1.0" encoding="UTF-8"?>
<!-- Generated by org.testng.reporters.JUnitReportReporter -->
<testsuite hostname="HW0434" name="com.icat.scripts.Assignment8" tests="1" failures="0" timestamp="26 Sep 2014 14:19:35 GMT" time="17.357" errors="0">
  <testcase name="GoogleSignIn" time="17.357" classname="com.icat.scripts.Assignment8"/>
</testsuite> <!-- com.icat.scripts.Assignment8 -->
