<?xml version="1.0" encoding="UTF-8"?>
<!-- Generated by org.testng.reporters.JUnitReportReporter -->
<testsuite hostname="HW0708" name="com.sugarcrm.scripts.LoginScript" tests="1" failures="0" timestamp="18 Sep 2014 12:40:44 GMT" time="11.278" errors="0">
  <testcase name="validateSignIn" time="11.278" classname="com.sugarcrm.scripts.LoginScript"/>
</testsuite> <!-- com.sugarcrm.scripts.LoginScript -->
