<?xml version="1.0" encoding="UTF-8"?>
<!-- Generated by org.testng.reporters.JUnitReportReporter -->
<testsuite hostname="Know2Script" name="com.mstr.scripts.SalesForceTC1" tests="1" failures="0" timestamp="23 Jun 2016 17:46:11 GMT" time="0.639" errors="0">
  <testcase name="SalesForceTC1" time="0.639" classname="com.mstr.scripts.SalesForceTC1"/>
</testsuite> <!-- com.mstr.scripts.SalesForceTC1 -->
