<?xml version="1.0" encoding="UTF-8"?>
<!-- Generated by org.testng.reporters.JUnitReportReporter -->
<testsuite hostname="Know2Script" name="com.mstr.scripts.LoginTest" tests="2" failures="0" timestamp="8 Jul 2016 00:24:08 GMT" time="0.006" errors="0">
  <testcase name="testRegister" time="0.002" classname="com.mstr.scripts.LoginTest"/>
  <testcase name="testLogin" time="0.004" classname="com.mstr.scripts.LoginTest"/>
</testsuite> <!-- com.mstr.scripts.LoginTest -->
