<?xml version="1.0" encoding="UTF-8"?>
<!-- Generated by org.testng.reporters.JUnitReportReporter -->
<testsuite hostname="HW0376" name="com.sugarcrm.businessLogic.SampleBusinessFunction" tests="1" failures="0" timestamp="24 Sep 2014 07:29:06 GMT" time="2.168" errors="0">
  <testcase name="signIn" time="2.168" classname="com.sugarcrm.businessLogic.SampleBusinessFunction"/>
</testsuite> <!-- com.sugarcrm.businessLogic.SampleBusinessFunction -->
