<?xml version="1.0" encoding="UTF-8"?>
<!-- Generated by org.testng.reporters.JUnitReportReporter -->
<testsuite hostname="WAS-MUNUKUNTLA" name="com.mstr.scripts.MSTR_LandingPage_1" tests="1" failures="0" timestamp="7 Jul 2016 17:20:20 GMT" time="10.276" errors="0">
  <testcase name="MSTRlandingPage" time="10.276" classname="com.mstr.scripts.MSTR_LandingPage_1"/>
</testsuite> <!-- com.mstr.scripts.MSTR_LandingPage_1 -->
