<?xml version="1.0" encoding="UTF-8"?>
<!-- Generated by org.testng.reporters.JUnitReportReporter -->
<testsuite hostname="HW1484" name="com.sugarcrm.scripts.Assignment2" tests="1" failures="0" timestamp="26 Sep 2014 13:14:44 GMT" time="28.445" errors="0">
  <testcase name="GoogleResultLinks" time="28.445" classname="com.sugarcrm.scripts.Assignment2"/>
</testsuite> <!-- com.sugarcrm.scripts.Assignment2 -->
