<?xml version="1.0" encoding="UTF-8"?>
<!-- Generated by org.testng.reporters.JUnitReportReporter -->
<testsuite hostname="HW1484" name="com.sugarcrm.scripts.ICAT_TestCase1" tests="1" failures="0" timestamp="26 Sep 2014 05:57:38 GMT" time="20.242" errors="0">
  <testcase name="validateInvalidCommercialProductLogin" time="20.242" classname="com.sugarcrm.scripts.ICAT_TestCase1"/>
</testsuite> <!-- com.sugarcrm.scripts.ICAT_TestCase1 -->
